<?xml version="1.0" encoding="UTF-8"?>
<!-- Generated by org.testng.reporters.JUnitReportReporter -->
<testsuite skipped="0" hostname="WKSMUM06JPPL461" name="Selenium.seleniumprogrmme" tests="1" failures="0" timestamp="20 Jul 2018 13:38:36 GMT" time="10.895" errors="0">
  <testcase name="Test" time="10.895" classname="Selenium.seleniumprogrmme"/>
</testsuite> <!-- Selenium.seleniumprogrmme -->
